1606766944169	geckodriver	INFO	Listening on 127.0.0.1:15339
1606766947236	mozrunner::runner	INFO	Running command: "C:\\Program Files\\Mozilla Firefox\\firefox.exe" "--marionette" "-foreground" "-no-remote" "-profile" "C:\\Users\\lee_c\\AppData\\Local\\Temp\\rust_mozprofilegOK5zJ"
1606766994867	geckodriver	INFO	Listening on 127.0.0.1:15396
1606766997898	mozrunner::runner	INFO	Running command: "C:\\Program Files\\Mozilla Firefox\\firefox.exe" "--marionette" "-foreground" "-no-remote" "-profile" "C:\\Users\\lee_c\\AppData\\Local\\Temp\\rust_mozprofileNOWt0E"
Can't find symbol 'eglSwapBuffersWithDamageEXT'.
JavaScript error: resource://gre/modules/XULStore.jsm, line 66: Error: Can't find profile directory.
console.warn: SearchSettings: "get: No settings file exists, new profile?" (new Error("", "(unknown module)"))
1606767000749	Marionette	INFO	Listening on port 15404
1606767001041	Marionette	WARN	TLS certificate errors will be ignored for this session
1606767001436	Marionette	INFO	Stopped listening on port 15404
console.warn: services.settings: main/partitioning-exempt-urls sync interrupted by shutdown

###!!! [Child][MessageChannel::SendAndWait] Error: Channel error: cannot send/recv

1606767079177	geckodriver	INFO	Listening on 127.0.0.1:15478
1606767082220	mozrunner::runner	INFO	Running command: "C:\\Program Files\\Mozilla Firefox\\firefox.exe" "--marionette" "-foreground" "-no-remote" "-profile" "C:\\Users\\lee_c\\AppData\\Local\\Temp\\rust_mozprofileQbWefQ"
Can't find symbol 'eglSwapBuffersWithDamageEXT'.
JavaScript error: resource://gre/modules/XULStore.jsm, line 66: Error: Can't find profile directory.
console.warn: SearchSettings: "get: No settings file exists, new profile?" (new Error("", "(unknown module)"))
1606767085001	Marionette	INFO	Listening on port 15487
1606767085352	Marionette	WARN	TLS certificate errors will be ignored for this session
1606767085720	Marionette	INFO	Stopped listening on port 15487
console.warn: services.settings: main/partitioning-exempt-urls sync interrupted by shutdown

###!!! [Child][RunMessage] Error: Channel closing: too late to send/recv, messages will be lost


###!!! [Child][RunMessage] Error: Channel closing: too late to send/recv, messages will be lost


###!!! [Child][MessageChannel::SendAndWait] Error: Channel error: cannot send/recv

1606767095362	geckodriver	INFO	Listening on 127.0.0.1:15550
1606767098404	mozrunner::runner	INFO	Running command: "C:\\Program Files\\Mozilla Firefox\\firefox.exe" "--marionette" "-foreground" "-no-remote" "-profile" "C:\\Users\\lee_c\\AppData\\Local\\Temp\\rust_mozprofiles1eThw"
Can't find symbol 'eglSwapBuffersWithDamageEXT'.
JavaScript error: resource://gre/modules/XULStore.jsm, line 66: Error: Can't find profile directory.
console.warn: SearchSettings: "get: No settings file exists, new profile?" (new Error("", "(unknown module)"))
1606767101188	Marionette	INFO	Listening on port 15558
1606767101560	Marionette	WARN	TLS certificate errors will be ignored for this session
1606767101941	Marionette	INFO	Stopped listening on port 15558
console.warn: services.settings: main/partitioning-exempt-urls sync interrupted by shutdown

###!!! [Child][RunMessage] Error: Channel closing: too late to send/recv, messages will be lost


###!!! [Child][MessageChannel::SendAndWait] Error: Channel error: cannot send/recv

1606767214538	geckodriver	INFO	Listening on 127.0.0.1:15629
1606767217582	mozrunner::runner	INFO	Running command: "C:\\Program Files\\Mozilla Firefox\\firefox.exe" "--marionette" "-headless" "-foreground" "-no-remote" "-profile" "C:\\Users\\lee_c\\AppData\\Local\\Temp\\rust_mozprofilejvcYLR"
*** You are running in headless mode.
JavaScript error: resource://gre/modules/XULStore.jsm, line 66: Error: Can't find profile directory.
console.warn: SearchSettings: "get: No settings file exists, new profile?" (new Error("", "(unknown module)"))
1606767219616	Marionette	INFO	Listening on port 15637
1606767219716	Marionette	WARN	TLS certificate errors will be ignored for this session
1606767220130	Marionette	INFO	Stopped listening on port 15637
1606767238681	geckodriver	INFO	Listening on 127.0.0.1:15683
1606767241737	mozrunner::runner	INFO	Running command: "C:\\Program Files\\Mozilla Firefox\\firefox.exe" "--marionette" "-foreground" "-no-remote" "-profile" "C:\\Users\\lee_c\\AppData\\Local\\Temp\\rust_mozprofilezuc7d4"
Can't find symbol 'eglSwapBuffersWithDamageEXT'.
JavaScript error: resource://gre/modules/XULStore.jsm, line 66: Error: Can't find profile directory.
console.warn: SearchSettings: "get: No settings file exists, new profile?" (new Error("", "(unknown module)"))
1606767244405	Marionette	INFO	Listening on port 15691
1606767244871	Marionette	WARN	TLS certificate errors will be ignored for this session
1606767245225	Marionette	INFO	Stopped listening on port 15691
JavaScript error: resource://gre/modules/UrlClassifierListManager.jsm, line 691: TypeError: this.tablesData[table] is undefined
console.warn: services.settings: main/partitioning-exempt-urls sync interrupted by shutdown

###!!! [Child][RunMessage] Error: Channel closing: too late to send/recv, messages will be lost


###!!! [Child][MessageChannel::SendAndWait] Error: Channel error: cannot send/recv

